<?xml version="1.0" encoding="UTF-8"?>
<!-- Generated by org.testng.reporters.JUnitXMLReporter -->
<testsuite ignored="1" hostname="LAPTOP-2DBSRI6Q" failures="0" tests="4" name="Default test" time="0.063" errors="0" timestamp="2023-11-28T11:21:16 IST">
  <testcase classname="practice.TestNG" name="createProduct" time="0.01"/>
  <testcase classname="practice.TestNG" name="modifyproduct" time="0.003"/>
  <testcase classname="practice.TestNG" name="modifyproduct" time="0.001"/>
  <testcase classname="practice.TestNG" name="modifyproduct" time="0.002"/>
  <testcase classname="practice.TestNG" name="deleteproduct" time="0.0">
    <ignored/>
  </testcase> <!-- deleteproduct -->
</testsuite> <!-- Default test -->
