<?xml version="1.0" encoding="UTF-8"?>
<testng-results ignored="0" total="4" passed="4" failed="0" skipped="0">
  <reporter-output>
  </reporter-output>
  <suite started-at="2023-11-28T11:21:16 IST" name="Default suite" finished-at="2023-11-28T11:21:16 IST" duration-ms="63">
    <groups>
    </groups>
    <test started-at="2023-11-28T11:21:16 IST" name="Default test" finished-at="2023-11-28T11:21:16 IST" duration-ms="63">
      <class name="practice.TestNG">
        <test-method signature="createProduct()[pri:0, instance:practice.TestNG@3b0090a4]" started-at="2023-11-28T11:21:16 IST" name="createProduct" finished-at="2023-11-28T11:21:16 IST" duration-ms="10" status="PASS">
          <reporter-output>
          </reporter-output>
        </test-method> <!-- createProduct -->
        <test-method signature="modifyproduct()[pri:0, instance:practice.TestNG@3b0090a4]" started-at="2023-11-28T11:21:16 IST" name="modifyproduct" finished-at="2023-11-28T11:21:16 IST" duration-ms="3" status="PASS">
          <reporter-output>
          </reporter-output>
        </test-method> <!-- modifyproduct -->
        <test-method signature="modifyproduct()[pri:0, instance:practice.TestNG@3b0090a4]" started-at="2023-11-28T11:21:16 IST" name="modifyproduct" finished-at="2023-11-28T11:21:16 IST" duration-ms="1" status="PASS">
          <reporter-output>
          </reporter-output>
        </test-method> <!-- modifyproduct -->
        <test-method signature="modifyproduct()[pri:0, instance:practice.TestNG@3b0090a4]" started-at="2023-11-28T11:21:16 IST" name="modifyproduct" finished-at="2023-11-28T11:21:16 IST" duration-ms="2" status="PASS">
          <reporter-output>
          </reporter-output>
        </test-method> <!-- modifyproduct -->
      </class> <!-- practice.TestNG -->
    </test> <!-- Default test -->
  </suite> <!-- Default suite -->
</testng-results>
